[15:55:18] [main/INFO]: Loading Minecraft 1.21.1 with Fabric Loader 0.16.3
[15:55:18] [main/INFO]: Loading 4 mods:
	- fabricloader 0.16.3
	   \-- mixinextras 0.4.1
	- java 21
	- minecraft 1.21.1
[15:55:18] [main/INFO]: SpongePowered MIXIN Subsystem Version=0.8.7 Source=file:/workspaces/Holiwi2/servidor_minecraft/libraries/net/fabricmc/sponge-mixin/0.15.2+mixin.0.8.7/sponge-mixin-0.15.2+mixin.0.8.7.jar Service=Knot/Fabric Env=SERVER
[15:55:24] [main/INFO]: Environment: Environment[sessionHost=https://sessionserver.mojang.com, servicesHost=https://api.minecraftservices.com, name=PROD]
[15:55:24] [main/INFO]: No existing world data, creating new world
[15:55:25] [main/INFO]: Loaded 1290 recipes
[15:55:25] [main/INFO]: Loaded 1399 advancements
[15:55:26] [Server thread/INFO]: Starting minecraft server version 1.21.1
[15:55:26] [Server thread/INFO]: Loading properties
[15:55:26] [Server thread/INFO]: Default game type: SURVIVAL
[15:55:26] [Server thread/INFO]: Generating keypair
[15:55:26] [Server thread/INFO]: Starting Minecraft server on *:25565
[15:55:26] [Server thread/INFO]: Using epoll channel type
[15:55:26] [Server thread/WARN]: **** SERVER IS RUNNING IN OFFLINE/INSECURE MODE!
[15:55:26] [Server thread/WARN]: The server will make no attempt to authenticate usernames. Beware.
[15:55:26] [Server thread/WARN]: While this makes the game possible to play without internet access, it also opens up the ability for hackers to connect with any username they choose.
[15:55:26] [Server thread/WARN]: To change this, set "online-mode" to "true" in the server.properties file.
[15:55:26] [Server thread/INFO]: Preparing level "world"
[15:55:33] [Server thread/INFO]: Preparing start region for dimension minecraft:overworld
[15:55:33] [Worker-Main-1/INFO]: Preparing spawn area: 2%
[15:55:33] [Worker-Main-2/INFO]: Preparing spawn area: 2%
[15:55:34] [Worker-Main-3/INFO]: Preparing spawn area: 2%
[15:55:34] [Worker-Main-2/INFO]: Preparing spawn area: 2%
[15:55:35] [Worker-Main-3/INFO]: Preparing spawn area: 2%
[15:55:35] [Worker-Main-2/INFO]: Preparing spawn area: 16%
[15:55:36] [Worker-Main-3/INFO]: Preparing spawn area: 18%
[15:55:36] [Worker-Main-1/INFO]: Preparing spawn area: 18%
[15:55:37] [Worker-Main-1/INFO]: Preparing spawn area: 30%
[15:55:37] [Worker-Main-1/INFO]: Preparing spawn area: 51%
[15:55:38] [Worker-Main-1/INFO]: Preparing spawn area: 51%
[15:55:38] [Worker-Main-1/INFO]: Preparing spawn area: 51%
[15:55:39] [Server thread/INFO]: Time elapsed: 5728 ms
[15:55:39] [Server thread/INFO]: Done (12.733s)! For help, type "help"
[16:04:05] [Server thread/INFO]: GordoTulin[/127.85.197.40:53709] logged in with entity id 7 at (10.5, 69.0, 0.5)
[16:04:05] [Server thread/INFO]: GordoTulin joined the game
[16:05:34] [Server thread/INFO]: Incorrect argument for command
[16:05:34] [Server thread/INFO]: op op GordoTulin<--[HERE]
[16:05:41] [Server thread/INFO]: Made GordoTulin a server operator
[16:05:47] [Server thread/INFO]: [GordoTulin: Set own game mode to Creative Mode]
[16:09:10] [Server thread/INFO]: GordoTulin lost connection: Disconnected
[16:09:10] [Server thread/INFO]: GordoTulin left the game
[16:15:52] [Server thread/INFO]: GordoTulin[/127.85.197.40:44797] logged in with entity id 1198 at (-12.138463652017201, 88.0, -66.75165683828946)
[16:15:52] [Server thread/INFO]: GordoTulin joined the game
[16:18:04] [Server thread/INFO]: GordoTulin lost connection: Disconnected
[16:18:04] [Server thread/INFO]: GordoTulin left the game
[16:23:22] [Server thread/INFO]: Stopping the server
[16:23:22] [Server thread/INFO]: Stopping server
[16:23:22] [Server thread/INFO]: Saving players
[16:23:22] [Server thread/INFO]: Saving worlds
[16:23:22] [Server thread/INFO]: Saving chunks for level 'ServerLevel[world]'/minecraft:overworld
[16:23:23] [Server thread/INFO]: Saving chunks for level 'ServerLevel[world]'/minecraft:the_nether
[16:23:23] [Server thread/INFO]: Saving chunks for level 'ServerLevel[world]'/minecraft:the_end
[16:23:23] [Server thread/INFO]: ThreadedAnvilChunkStorage (world): All chunks are saved
[16:23:23] [Server thread/INFO]: ThreadedAnvilChunkStorage (DIM-1): All chunks are saved
[16:23:23] [Server thread/INFO]: ThreadedAnvilChunkStorage (DIM1): All chunks are saved
[16:23:23] [Server thread/INFO]: ThreadedAnvilChunkStorage: All dimensions are saved
